mode: set
Cryptoproject/internal/cases/service.go:16.83,17.47 1 1
Cryptoproject/internal/cases/service.go:17.47,19.3 1 0
Cryptoproject/internal/cases/service.go:21.2,21.68 1 1
Cryptoproject/internal/cases/service.go:21.68,23.3 1 0
Cryptoproject/internal/cases/service.go:25.2,28.8 1 1
Cryptoproject/internal/cases/service.go:31.95,32.22 1 1
Cryptoproject/internal/cases/service.go:32.22,34.3 1 0
Cryptoproject/internal/cases/service.go:36.2,36.59 1 1
Cryptoproject/internal/cases/service.go:36.59,38.3 1 0
Cryptoproject/internal/cases/service.go:40.2,41.16 2 1
Cryptoproject/internal/cases/service.go:41.16,43.3 1 1
Cryptoproject/internal/cases/service.go:44.2,44.19 1 1
Cryptoproject/internal/cases/service.go:47.119,48.22 1 1
Cryptoproject/internal/cases/service.go:48.22,50.3 1 0
Cryptoproject/internal/cases/service.go:52.2,52.59 1 1
Cryptoproject/internal/cases/service.go:52.59,54.3 1 0
Cryptoproject/internal/cases/service.go:56.2,57.16 2 1
Cryptoproject/internal/cases/service.go:57.16,59.3 1 1
Cryptoproject/internal/cases/service.go:60.2,60.19 1 1
Cryptoproject/internal/cases/service.go:63.61,65.16 2 1
Cryptoproject/internal/cases/service.go:65.16,67.3 1 0
Cryptoproject/internal/cases/service.go:69.2,70.16 2 1
Cryptoproject/internal/cases/service.go:70.16,72.3 1 1
Cryptoproject/internal/cases/service.go:74.2,74.58 1 1
Cryptoproject/internal/cases/service.go:74.58,76.3 1 0
Cryptoproject/internal/cases/service.go:77.2,77.12 1 1
Cryptoproject/internal/cases/service.go:80.90,82.16 2 1
Cryptoproject/internal/cases/service.go:82.16,84.3 1 0
Cryptoproject/internal/cases/service.go:86.2,87.29 2 1
Cryptoproject/internal/cases/service.go:87.29,89.3 1 1
Cryptoproject/internal/cases/service.go:91.2,92.16 2 1
Cryptoproject/internal/cases/service.go:92.16,94.3 1 0
Cryptoproject/internal/cases/service.go:96.2,96.54 1 1
Cryptoproject/internal/cases/service.go:96.54,98.3 1 0
Cryptoproject/internal/cases/service.go:99.2,99.12 1 1
Cryptoproject/internal/cases/service.go:102.73,104.39 2 1
Cryptoproject/internal/cases/service.go:104.39,106.3 1 1
Cryptoproject/internal/cases/service.go:108.2,109.38 2 1
Cryptoproject/internal/cases/service.go:109.38,110.47 1 1
Cryptoproject/internal/cases/service.go:110.47,112.4 1 1
Cryptoproject/internal/cases/service.go:114.2,114.22 1 1
